#
# There is insufficient memory for the Java Runtime Environment to continue.
# Native memory allocation (malloc) failed to allocate 1934592 bytes for Chunk::new
# Possible reasons:
#   The system is out of physical RAM or swap space
#   In 32 bit mode, the process size limit was hit
# Possible solutions:
#   Reduce memory load on the system
#   Increase physical memory or swap space
#   Check if swap backing store is full
#   Use 64 bit Java on a 64 bit OS
#   Decrease Java heap size (-Xmx/-Xms)
#   Decrease number of Java threads
#   Decrease Java thread stack sizes (-Xss)
#   Set larger code cache with -XX:ReservedCodeCacheSize=
# This output file may be truncated or incomplete.
#
#  Out of Memory Error (allocation.cpp:390), pid=16492, tid=0x0000000000004a08
#
# JRE version: Java(TM) SE Runtime Environment (8.0_131-b11) (build 1.8.0_131-b11)
# Java VM: Java HotSpot(TM) 64-Bit Server VM (25.131-b11 mixed mode windows-amd64 compressed oops)
# Failed to write core dump. Minidumps are not enabled by default on client versions of Windows
#

---------------  T H R E A D  ---------------

Current thread (0x0000000015232000):  JavaThread "C2 CompilerThread0" daemon [_thread_in_native, id=18952, stack(0x0000000016870000,0x0000000016970000)]

Stack: [0x0000000016870000,0x0000000016970000]
[error occurred during error reporting (printing stack bounds), id 0xc0000005]

Native frames: (J=compiled Java code, j=interpreted, Vv=VM code, C=native code)


Current CompileTask:
C2:  26165 3313   !   4       java.net.URLClassLoader$1::run (63 bytes)


---------------  P R O C E S S  ---------------

Java Threads: ( => current thread )
  0x000000001818c800 JavaThread "Cache worker for task history cache (C:\Users\WeCanCodeIT\wcci\code\virtual-pets-amok\.gradle\3.5\taskHistory)" [_thread_blocked, id=18088, stack(0x000000001f3c0000,0x000000001f4c0000)]
  0x0000000018190800 JavaThread "Cache worker for Artifact transforms cache (C:\Users\WeCanCodeIT\.gradle\caches\transforms-1)" [_thread_blocked, id=17648, stack(0x000000001f1c0000,0x000000001f2c0000)]
  0x000000001818f800 JavaThread "Memory manager" [_thread_blocked, id=18684, stack(0x000000001d260000,0x000000001d360000)]
  0x000000001818c000 JavaThread "File lock request listener" [_thread_in_native, id=13764, stack(0x000000001abc0000,0x000000001acc0000)]
  0x0000000018192800 JavaThread "Cache worker for file hash cache (C:\Users\WeCanCodeIT\.gradle\caches\3.5\fileHashes)" [_thread_blocked, id=15668, stack(0x000000001aac0000,0x000000001abc0000)]
  0x0000000017872000 JavaThread "Stdin handler" [_thread_blocked, id=17384, stack(0x000000001a9c0000,0x000000001aac0000)]
  0x0000000017863800 JavaThread "Asynchronous log dispatcher for DefaultDaemonConnection: socket connection from /127.0.0.1:52350 to /127.0.0.1:52351" [_thread_blocked, id=16944, stack(0x000000001a8c0000,0x000000001a9c0000)]
  0x00000000181a9800 JavaThread "Daemon worker" [_thread_in_native, id=17800, stack(0x000000001a7c0000,0x000000001a8c0000)]
  0x00000000181a6000 JavaThread "Cancel handler" [_thread_blocked, id=3728, stack(0x000000001a6c0000,0x000000001a7c0000)]
  0x00000000177f3800 JavaThread "Handler for socket connection from /127.0.0.1:52350 to /127.0.0.1:52351" [_thread_in_native, id=19072, stack(0x000000001a3c0000,0x000000001a4c0000)]
  0x000000001898f800 JavaThread "Daemon" [_thread_blocked, id=18228, stack(0x000000001a2c0000,0x000000001a3c0000)]
  0x00000000177ee000 JavaThread "Daemon periodic checks" [_thread_blocked, id=13876, stack(0x000000001a1c0000,0x000000001a2c0000)]
  0x0000000017e6f000 JavaThread "Incoming local TCP Connector on port 52350" [_thread_in_native, id=4100, stack(0x0000000019f90000,0x000000001a090000)]
  0x0000000017f1d000 JavaThread "Daemon health stats" [_thread_blocked, id=18688, stack(0x0000000019910000,0x0000000019a10000)]
  0x0000000016baa800 JavaThread "Service Thread" daemon [_thread_blocked, id=19232, stack(0x0000000016f70000,0x0000000017070000)]
  0x000000001523a800 JavaThread "C1 CompilerThread2" daemon [_thread_blocked, id=16420, stack(0x0000000016a70000,0x0000000016b70000)]
  0x0000000015235000 JavaThread "C2 CompilerThread1" daemon [_thread_in_native, id=14492, stack(0x0000000016970000,0x0000000016a70000)]
=>0x0000000015232000 JavaThread "C2 CompilerThread0" daemon [_thread_in_native, id=18952, stack(0x0000000016870000,0x0000000016970000)]
  0x000000001522d800 JavaThread "Attach Listener" daemon [_thread_blocked, id=18464, stack(0x0000000016770000,0x0000000016870000)]
  0x000000001522c000 JavaThread "Signal Dispatcher" daemon [_thread_blocked, id=19152, stack(0x0000000016670000,0x0000000016770000)]
  0x000000001521a800 JavaThread "Finalizer" daemon [_thread_blocked, id=18416, stack(0x0000000016480000,0x0000000016580000)]
  0x00000000151f9000 JavaThread "Reference Handler" daemon [_thread_blocked, id=15836, stack(0x0000000016380000,0x0000000016480000)]
  0x0000000002a62800 JavaThread "main" [_thread_blocked, id=7816, stack(0x0000000002870000,0x0000000002970000)]

Other Threads:
  0x00000000151f7800 VMThread [stack: 0x0000000016280000,0x0000000016380000] [id=14964]
  0x0000000016bae000 WatcherThread [stack: 0x0000000017070000,0x0000000017170000] [id=18116]

VM state:not at safepoint (normal execution)

VM Mutex/Monitor currently owned by a thread: None

Heap:
 PSYoungGen      total 105984K, used 26243K [0x00000000eab00000, 0x00000000f5200000, 0x0000000100000000)
  eden space 96768K, 27% used [0x00000000eab00000,0x00000000ec4a0fa0,0x00000000f0980000)
  from space 9216K, 0% used [0x00000000f0980000,0x00000000f0980000,0x00000000f1280000)
  to   space 12288K, 0% used [0x00000000f4600000,0x00000000f4600000,0x00000000f5200000)
 ParOldGen       total 102912K, used 18875K [0x00000000c0000000, 0x00000000c6480000, 0x00000000eab00000)
  object space 102912K, 18% used [0x00000000c0000000,0x00000000c126ecf8,0x00000000c6480000)
 Metaspace       used 37111K, capacity 37582K, committed 37976K, reserved 1081344K
  class space    used 5276K, capacity 5403K, committed 5464K, reserved 1048576K

Card table byte_map: [0x0000000011f20000,0x0000000012130000] byte_map_base: 0x0000000011920000

Marking Bits: (ParMarkBitMap*) 0x000000006c00c720
 Begin Bits: [0x0000000012690000, 0x0000000013690000)
 End Bits:   [0x0000000013690000, 0x0000000014690000)

Polling page: 0x0000000002820000

CodeCache: size=245760Kb used=11151Kb max_used=11450Kb free=234608Kb
 bounds [0x0000000002b60000, 0x00000000036a0000, 0x0000000011b60000]
 total_blobs=3835 nmethods=3119 adapters=628
 compilation: enabled

Compilation events (10 events):
Event: 25.980 Thread 0x0000000015235000 nmethod 3411 0x00000000033b61d0 code [0x00000000033b67a0, 0x00000000033ba768]
Event: 25.980 Thread 0x0000000015235000 3460  s    4       java.lang.StringBuffer::append (13 bytes)
Event: 26.007 Thread 0x0000000015235000 nmethod 3460 0x00000000033becd0 code [0x00000000033bee40, 0x00000000033bf588]
Event: 26.007 Thread 0x0000000015235000 3429       4       java.util.AbstractMap::<init> (5 bytes)
Event: 26.008 Thread 0x0000000015235000 nmethod 3429 0x0000000003310410 code [0x0000000003310540, 0x0000000003310598]
Event: 26.022 Thread 0x000000001523a800 3466       3       com.esotericsoftware.kryo.io.Output::writeString (125 bytes)
Event: 26.024 Thread 0x000000001523a800 nmethod 3466 0x00000000033be210 code [0x00000000033be3e0, 0x00000000033bea38]
Event: 26.041 Thread 0x0000000015235000 3467       4       java.lang.String::indexOf (7 bytes)
Event: 26.070 Thread 0x0000000015235000 nmethod 3467 0x00000000033c0ad0 code [0x00000000033c0c20, 0x00000000033c1058]
Event: 26.073 Thread 0x0000000015235000 3468       4       java.net.URLStreamHandler::equals (45 bytes)

GC Heap History (10 events):
Event: 11.334 GC heap before
{Heap before GC invocations=5 (full 1):
 PSYoungGen      total 70656K, used 5088K [0x00000000eab00000, 0x00000000ef500000, 0x0000000100000000)
  eden space 65536K, 0% used [0x00000000eab00000,0x00000000eab00000,0x00000000eeb00000)
  from space 5120K, 99% used [0x00000000ef000000,0x00000000ef4f8030,0x00000000ef500000)
  to   space 5120K, 0% used [0x00000000eeb00000,0x00000000eeb00000,0x00000000ef000000)
 ParOldGen       total 86016K, used 7317K [0x00000000c0000000, 0x00000000c5400000, 0x00000000eab00000)
  object space 86016K, 8% used [0x00000000c0000000,0x00000000c0725740,0x00000000c5400000)
 Metaspace       used 20926K, capacity 21176K, committed 21248K, reserved 1067008K
  class space    used 2943K, capacity 3048K, committed 3072K, reserved 1048576K
Event: 11.476 GC heap after
Heap after GC invocations=5 (full 1):
 PSYoungGen      total 70656K, used 0K [0x00000000eab00000, 0x00000000ef500000, 0x0000000100000000)
  eden space 65536K, 0% used [0x00000000eab00000,0x00000000eab00000,0x00000000eeb00000)
  from space 5120K, 0% used [0x00000000ef000000,0x00000000ef000000,0x00000000ef500000)
  to   space 5120K, 0% used [0x00000000eeb00000,0x00000000eeb00000,0x00000000ef000000)
 ParOldGen       total 61952K, used 7906K [0x00000000c0000000, 0x00000000c3c80000, 0x00000000eab00000)
  object space 61952K, 12% used [0x00000000c0000000,0x00000000c07b8890,0x00000000c3c80000)
 Metaspace       used 20926K, capacity 21176K, committed 21248K, reserved 1067008K
  class space    used 2943K, capacity 3048K, committed 3072K, reserved 1048576K
}
Event: 16.347 GC heap before
{Heap before GC invocations=6 (full 1):
 PSYoungGen      total 70656K, used 65536K [0x00000000eab00000, 0x00000000ef500000, 0x0000000100000000)
  eden space 65536K, 100% used [0x00000000eab00000,0x00000000eeb00000,0x00000000eeb00000)
  from space 5120K, 0% used [0x00000000ef000000,0x00000000ef000000,0x00000000ef500000)
  to   space 5120K, 0% used [0x00000000eeb00000,0x00000000eeb00000,0x00000000ef000000)
 ParOldGen       total 61952K, used 7906K [0x00000000c0000000, 0x00000000c3c80000, 0x00000000eab00000)
  object space 61952K, 12% used [0x00000000c0000000,0x00000000c07b8890,0x00000000c3c80000)
 Metaspace       used 27530K, capacity 27900K, committed 28160K, reserved 1073152K
  class space    used 3887K, capacity 4028K, committed 4096K, reserved 1048576K
Event: 16.371 GC heap after
Heap after GC invocations=6 (full 1):
 PSYoungGen      total 70656K, used 5100K [0x00000000eab00000, 0x00000000f1c00000, 0x0000000100000000)
  eden space 65536K, 0% used [0x00000000eab00000,0x00000000eab00000,0x00000000eeb00000)
  from space 5120K, 99% used [0x00000000eeb00000,0x00000000eeffb128,0x00000000ef000000)
  to   space 9728K, 0% used [0x00000000f1280000,0x00000000f1280000,0x00000000f1c00000)
 ParOldGen       total 61952K, used 9413K [0x00000000c0000000, 0x00000000c3c80000, 0x00000000eab00000)
  object space 61952K, 15% used [0x00000000c0000000,0x00000000c09317f8,0x00000000c3c80000)
 Metaspace       used 27530K, capacity 27900K, committed 28160K, reserved 1073152K
  class space    used 3887K, capacity 4028K, committed 4096K, reserved 1048576K
}
Event: 18.958 GC heap before
{Heap before GC invocations=7 (full 1):
 PSYoungGen      total 70656K, used 70636K [0x00000000eab00000, 0x00000000f1c00000, 0x0000000100000000)
  eden space 65536K, 100% used [0x00000000eab00000,0x00000000eeb00000,0x00000000eeb00000)
  from space 5120K, 99% used [0x00000000eeb00000,0x00000000eeffb128,0x00000000ef000000)
  to   space 9728K, 0% used [0x00000000f1280000,0x00000000f1280000,0x00000000f1c00000)
 ParOldGen       total 61952K, used 9413K [0x00000000c0000000, 0x00000000c3c80000, 0x00000000eab00000)
  object space 61952K, 15% used [0x00000000c0000000,0x00000000c09317f8,0x00000000c3c80000)
 Metaspace       used 29744K, capacity 30218K, committed 30592K, reserved 1075200K
  class space    used 4264K, capacity 4389K, committed 4480K, reserved 1048576K
Event: 18.993 GC heap after
Heap after GC invocations=7 (full 1):
 PSYoungGen      total 106496K, used 7107K [0x00000000eab00000, 0x00000000f1c00000, 0x0000000100000000)
  eden space 96768K, 0% used [0x00000000eab00000,0x00000000eab00000,0x00000000f0980000)
  from space 9728K, 73% used [0x00000000f1280000,0x00000000f1970c30,0x00000000f1c00000)
  to   space 9216K, 0% used [0x00000000f0980000,0x00000000f0980000,0x00000000f1280000)
 ParOldGen       total 61952K, used 9421K [0x00000000c0000000, 0x00000000c3c80000, 0x00000000eab00000)
  object space 61952K, 15% used [0x00000000c0000000,0x00000000c09337f8,0x00000000c3c80000)
 Metaspace       used 29744K, capacity 30218K, committed 30592K, reserved 1075200K
  class space    used 4264K, capacity 4389K, committed 4480K, reserved 1048576K
}
Event: 23.517 GC heap before
{Heap before GC invocations=8 (full 1):
 PSYoungGen      total 106496K, used 70127K [0x00000000eab00000, 0x00000000f1c00000, 0x0000000100000000)
  eden space 96768K, 65% used [0x00000000eab00000,0x00000000ee88b090,0x00000000f0980000)
  from space 9728K, 73% used [0x00000000f1280000,0x00000000f1970c30,0x00000000f1c00000)
  to   space 9216K, 0% used [0x00000000f0980000,0x00000000f0980000,0x00000000f1280000)
 ParOldGen       total 61952K, used 9421K [0x00000000c0000000, 0x00000000c3c80000, 0x00000000eab00000)
  object space 61952K, 15% used [0x00000000c0000000,0x00000000c09337f8,0x00000000c3c80000)
 Metaspace       used 34862K, capacity 35260K, committed 35416K, reserved 1079296K
  class space    used 4992K, capacity 5144K, committed 5208K, reserved 1048576K
Event: 23.598 GC heap after
Heap after GC invocations=8 (full 1):
 PSYoungGen      total 105984K, used 9204K [0x00000000eab00000, 0x00000000f5200000, 0x0000000100000000)
  eden space 96768K, 0% used [0x00000000eab00000,0x00000000eab00000,0x00000000f0980000)
  from space 9216K, 99% used [0x00000000f0980000,0x00000000f127d030,0x00000000f1280000)
  to   space 12288K, 0% used [0x00000000f4600000,0x00000000f4600000,0x00000000f5200000)
 ParOldGen       total 61952K, used 13371K [0x00000000c0000000, 0x00000000c3c80000, 0x00000000eab00000)
  object space 61952K, 21% used [0x00000000c0000000,0x00000000c0d0ed80,0x00000000c3c80000)
 Metaspace       used 34862K, capacity 35260K, committed 35416K, reserved 1079296K
  class space    used 4992K, capacity 5144K, committed 5208K, reserved 1048576K
}
Event: 23.598 GC heap before
{Heap before GC invocations=9 (full 2):
 PSYoungGen      total 105984K, used 9204K [0x00000000eab00000, 0x00000000f5200000, 0x0000000100000000)
  eden space 96768K, 0% used [0x00000000eab00000,0x00000000eab00000,0x00000000f0980000)
  from space 9216K, 99% used [0x00000000f0980000,0x00000000f127d030,0x00000000f1280000)
  to   space 12288K, 0% used [0x00000000f4600000,0x00000000f4600000,0x00000000f5200000)
 ParOldGen       total 61952K, used 13371K [0x00000000c0000000, 0x00000000c3c80000, 0x00000000eab00000)
  object space 61952K, 21% used [0x00000000c0000000,0x00000000c0d0ed80,0x00000000c3c80000)
 Metaspace       used 34862K, capacity 35260K, committed 35416K, reserved 1079296K
  class space    used 4992K, capacity 5144K, committed 5208K, reserved 1048576K
Event: 23.921 GC heap after
Heap after GC invocations=9 (full 2):
 PSYoungGen      total 105984K, used 0K [0x00000000eab00000, 0x00000000f5200000, 0x0000000100000000)
  eden space 96768K, 0% used [0x00000000eab00000,0x00000000eab00000,0x00000000f0980000)
  from space 9216K, 0% used [0x00000000f0980000,0x00000000f0980000,0x00000000f1280000)
  to   space 12288K, 0% used [0x00000000f4600000,0x00000000f4600000,0x00000000f5200000)
 ParOldGen       total 102912K, used 18875K [0x00000000c0000000, 0x00000000c6480000, 0x00000000eab00000)
  object space 102912K, 18% used [0x00000000c0000000,0x00000000c126ecf8,0x00000000c6480000)
 Metaspace       used 34862K, capacity 35260K, committed 35416K, reserved 1079296K
  class space    used 4992K, capacity 5144K, committed 5208K, reserved 1048576K
}

Deoptimization events (10 events):
Event: 23.338 Thread 0x00000000181a9800 Uncommon trap: reason=unstable_if action=reinterpret pc=0x0000000002fb53d0 method=sun.nio.cs.UTF_8$Decoder.decodeArrayLoop(Ljava/nio/ByteBuffer;Ljava/nio/CharBuffer;)Ljava/nio/charset/CoderResult; @ 84
Event: 23.346 Thread 0x00000000181a9800 Uncommon trap: reason=unstable_if action=reinterpret pc=0x0000000002cb33c0 method=java.lang.CharacterData.of(I)Ljava/lang/CharacterData; @ 4
Event: 23.426 Thread 0x00000000181a9800 Uncommon trap: reason=unstable_if action=reinterpret pc=0x00000000030fb260 method=java.util.concurrent.ConcurrentHashMap.putVal(Ljava/lang/Object;Ljava/lang/Object;Z)Ljava/lang/Object; @ 195
Event: 24.137 Thread 0x00000000181a9800 Uncommon trap: reason=unstable_if action=reinterpret pc=0x0000000002de5364 method=java.net.URI$Parser.scan(IILjava/lang/String;Ljava/lang/String;)I @ 23
Event: 24.260 Thread 0x00000000181a9800 Uncommon trap: reason=unstable_if action=reinterpret pc=0x0000000002cf4814 method=java.lang.CharacterDataLatin1.digit(II)I @ 82
Event: 25.642 Thread 0x00000000181a9800 Uncommon trap: reason=unstable_if action=reinterpret pc=0x0000000002f98470 method=java.util.Arrays.equals([B[B)Z @ 12
Event: 25.710 Thread 0x00000000181a9800 Uncommon trap: reason=bimorphic action=maybe_recompile pc=0x00000000036742f8 method=java.util.regex.Pattern$Branch.match(Ljava/util/regex/Matcher;ILjava/lang/CharSequence;)Z @ 32
Event: 25.897 Thread 0x00000000181a9800 Uncommon trap: reason=unstable_if action=reinterpret pc=0x0000000002f3546c method=java.lang.CharacterDataLatin1.digit(II)I @ 60
Event: 25.904 Thread 0x00000000181a9800 Uncommon trap: reason=unstable_if action=reinterpret pc=0x0000000002e4b86c method=java.lang.CharacterDataLatin1.digit(II)I @ 60
Event: 25.941 Thread 0x00000000181a9800 Uncommon trap: reason=class_check action=maybe_recompile pc=0x0000000003098ca4 method=java.util.zip.InflaterInputStream.read([BII)I @ 100

Internal exceptions (10 events):
Event: 20.378 Thread 0x00000000181a9800 Exception <a 'java/lang/ClassNotFoundException': java/util/AbstractListBeanInfo> (0x00000000ec44d320) thrown at [C:\re\workspace\8-2-build-windows-amd64-cygwin\jdk8u131\8869\hotspot\src\share\vm\classfile\systemDictionary.cpp, line 210]
Event: 20.379 Thread 0x00000000181a9800 Exception <a 'java/lang/ClassNotFoundException': java/util/AbstractListCustomizer> (0x00000000ec45e7b0) thrown at [C:\re\workspace\8-2-build-windows-amd64-cygwin\jdk8u131\8869\hotspot\src\share\vm\classfile\systemDictionary.cpp, line 210]
Event: 20.382 Thread 0x00000000181a9800 Exception <a 'java/lang/ClassNotFoundException': java/util/ArrayListCustomizer> (0x00000000ec47c0b0) thrown at [C:\re\workspace\8-2-build-windows-amd64-cygwin\jdk8u131\8869\hotspot\src\share\vm\classfile\systemDictionary.cpp, line 210]
Event: 20.388 Thread 0x00000000181a9800 Exception <a 'java/lang/ClassNotFoundException': groovy/util/NodeListCustomizer> (0x00000000ec4b35e8) thrown at [C:\re\workspace\8-2-build-windows-amd64-cygwin\jdk8u131\8869\hotspot\src\share\vm\classfile\systemDictionary.cpp, line 210]
Event: 20.471 Thread 0x00000000181a9800 Exception <a 'java/lang/ClassNotFoundException': org/gradle/api/tasks/util/internal/PatternSets$InternalPatternSetBeanInfo> (0x00000000ec6b6da0) thrown at [C:\re\workspace\8-2-build-windows-amd64-cygwin\jdk8u131\8869\hotspot\src\share\vm\classfile\systemD
Event: 20.472 Thread 0x00000000181a9800 Exception <a 'java/lang/ClassNotFoundException': org/gradle/api/tasks/util/PatternSetBeanInfo> (0x00000000ec6d35e8) thrown at [C:\re\workspace\8-2-build-windows-amd64-cygwin\jdk8u131\8869\hotspot\src\share\vm\classfile\systemDictionary.cpp, line 210]
Event: 20.474 Thread 0x00000000181a9800 Exception <a 'java/lang/ClassNotFoundException': org/gradle/api/tasks/util/PatternSetCustomizer> (0x00000000ec6f0848) thrown at [C:\re\workspace\8-2-build-windows-amd64-cygwin\jdk8u131\8869\hotspot\src\share\vm\classfile\systemDictionary.cpp, line 210]
Event: 20.480 Thread 0x00000000181a9800 Exception <a 'java/lang/ClassNotFoundException': org/gradle/api/tasks/util/internal/PatternSets$InternalPatternSetCustomizer> (0x00000000ec749060) thrown at [C:\re\workspace\8-2-build-windows-amd64-cygwin\jdk8u131\8869\hotspot\src\share\vm\classfile\syste
Event: 23.132 Thread 0x00000000181a9800 Implicit null exception at 0x00000000035bd590 to 0x00000000035bf8c5
Event: 25.642 Thread 0x00000000181a9800 Implicit null exception at 0x0000000002f98318 to 0x0000000002f9845d

Events (10 events):
Event: 26.137 loading class org/gradle/api/internal/artifacts/ivyservice/resolveengine/graph/conflicts/PotentialConflict
Event: 26.137 loading class org/gradle/api/internal/artifacts/ivyservice/resolveengine/graph/conflicts/PotentialConflict done
Event: 26.138 loading class org/gradle/api/internal/artifacts/ivyservice/resolveengine/graph/conflicts/PotentialConflictFactory$1
Event: 26.138 loading class org/gradle/api/internal/artifacts/ivyservice/resolveengine/graph/conflicts/PotentialConflictFactory$1 done
Event: 26.141 loading class org/gradle/internal/component/model/LocalComponentDependencyMetadata$ClientAttributesPreservingConfigurationMetadata
Event: 26.141 loading class org/gradle/internal/component/model/LocalComponentDependencyMetadata$ClientAttributesPreservingConfigurationMetadata done
Event: 26.144 loading class org/gradle/api/internal/artifacts/ivyservice/ivyresolve/strategy/ExactVersionSelector
Event: 26.144 loading class org/gradle/api/internal/artifacts/ivyservice/ivyresolve/strategy/ExactVersionSelector done
Event: 26.146 loading class org/gradle/api/internal/artifacts/ivyservice/ivyresolve/ComponentMetaDataResolveState
Event: 26.146 loading class org/gradle/api/internal/artifacts/ivyservice/ivyresolve/ComponentMetaDataResolveState done


Dynamic libraries:
0x00007ff6f0e10000 - 0x00007ff6f0e47000 	C:\Program Files\Java\jdk1.8.0_131\bin\java.exe
0x00007fff30270000 - 0x00007fff30442000 	C:\WINDOWS\SYSTEM32\ntdll.dll
0x00007fff2ff30000 - 0x00007fff2ffdc000 	C:\WINDOWS\System32\KERNEL32.DLL
0x00007fff2d570000 - 0x00007fff2d78d000 	C:\WINDOWS\System32\KERNELBASE.dll
0x00007fff2de50000 - 0x00007fff2def2000 	C:\WINDOWS\System32\ADVAPI32.dll
0x00007fff2e5a0000 - 0x00007fff2e63e000 	C:\WINDOWS\System32\msvcrt.dll
0x00007fff2df10000 - 0x00007fff2df69000 	C:\WINDOWS\System32\sechost.dll
0x00007fff2e7e0000 - 0x00007fff2e901000 	C:\WINDOWS\System32\RPCRT4.dll
0x00007fff2ffe0000 - 0x00007fff30145000 	C:\WINDOWS\System32\USER32.dll
0x00007fff2c7d0000 - 0x00007fff2c7ee000 	C:\WINDOWS\System32\win32u.dll
0x00007fff2dad0000 - 0x00007fff2db04000 	C:\WINDOWS\System32\GDI32.dll
0x00007fff2d2a0000 - 0x00007fff2d420000 	C:\WINDOWS\System32\gdi32full.dll
0x00007fff25330000 - 0x00007fff255aa000 	C:\WINDOWS\WinSxS\amd64_microsoft.windows.common-controls_6595b64144ccf1df_6.0.14393.953_none_42151e83c686086b\COMCTL32.dll
0x00007fff2d800000 - 0x00007fff2dac8000 	C:\WINDOWS\System32\combase.dll
0x00007fff2ca70000 - 0x00007fff2cb65000 	C:\WINDOWS\System32\ucrtbase.dll
0x00007fff2d790000 - 0x00007fff2d7fa000 	C:\WINDOWS\System32\bcryptPrimitives.dll
0x00007fff2e140000 - 0x00007fff2e16e000 	C:\WINDOWS\System32\IMM32.DLL
0x00007fff2ad40000 - 0x00007fff2ad71000 	C:\WINDOWS\system32\nvinitx.dll
0x00007fff2ad30000 - 0x00007fff2ad3a000 	C:\WINDOWS\SYSTEM32\VERSION.dll
0x000000006c4f0000 - 0x000000006c5c2000 	C:\Program Files\Java\jdk1.8.0_131\jre\bin\msvcr100.dll
0x000000006b7f0000 - 0x000000006c08c000 	C:\Program Files\Java\jdk1.8.0_131\jre\bin\server\jvm.dll
0x00007fff2df00000 - 0x00007fff2df08000 	C:\WINDOWS\System32\PSAPI.DLL
0x00007fff26850000 - 0x00007fff26859000 	C:\WINDOWS\SYSTEM32\WSOCK32.dll
0x00007fff2a220000 - 0x00007fff2a243000 	C:\WINDOWS\SYSTEM32\WINMM.dll
0x00007fff30160000 - 0x00007fff301ca000 	C:\WINDOWS\System32\WS2_32.dll
0x00007fff2a1c0000 - 0x00007fff2a1eb000 	C:\WINDOWS\SYSTEM32\WINMMBASE.dll
0x00007fff2cb70000 - 0x00007fff2cbb2000 	C:\WINDOWS\System32\cfgmgr32.dll
0x000000006c4e0000 - 0x000000006c4ef000 	C:\Program Files\Java\jdk1.8.0_131\jre\bin\verify.dll
0x000000006c4b0000 - 0x000000006c4d9000 	C:\Program Files\Java\jdk1.8.0_131\jre\bin\java.dll
0x000000006c490000 - 0x000000006c4a6000 	C:\Program Files\Java\jdk1.8.0_131\jre\bin\zip.dll
0x00007fff2e920000 - 0x00007fff2fe28000 	C:\WINDOWS\System32\SHELL32.dll
0x00007fff2cbc0000 - 0x00007fff2d29a000 	C:\WINDOWS\System32\windows.storage.dll
0x00007fff2c720000 - 0x00007fff2c76c000 	C:\WINDOWS\System32\powrprof.dll
0x00007fff2e660000 - 0x00007fff2e6b2000 	C:\WINDOWS\System32\shlwapi.dll
0x00007fff2c6e0000 - 0x00007fff2c6ef000 	C:\WINDOWS\System32\kernel.appcore.dll
0x00007fff2c9c0000 - 0x00007fff2ca69000 	C:\WINDOWS\System32\shcore.dll
0x00007fff2c6f0000 - 0x00007fff2c704000 	C:\WINDOWS\System32\profapi.dll
0x000000006c470000 - 0x000000006c48a000 	C:\Program Files\Java\jdk1.8.0_131\jre\bin\net.dll
0x00007fff2bd10000 - 0x00007fff2bd6c000 	C:\WINDOWS\system32\mswsock.dll
0x000000006c450000 - 0x000000006c461000 	C:\Program Files\Java\jdk1.8.0_131\jre\bin\nio.dll
0x00007fff2b4a0000 - 0x00007fff2b4be000 	C:\Users\WeCanCodeIT\.gradle\native\25\windows-amd64\native-platform.dll
0x00007fff2c4c0000 - 0x00007fff2c4d7000 	C:\WINDOWS\SYSTEM32\CRYPTSP.dll
0x00007fff2b910000 - 0x00007fff2b943000 	C:\WINDOWS\system32\rsaenh.dll
0x00007fff2c170000 - 0x00007fff2c19b000 	C:\WINDOWS\SYSTEM32\bcrypt.dll
0x00007fff2bb90000 - 0x00007fff2bbaf000 	C:\WINDOWS\SYSTEM32\USERENV.dll
0x00007fff2beb0000 - 0x00007fff2bebb000 	C:\WINDOWS\SYSTEM32\CRYPTBASE.dll
0x00007fff2ba90000 - 0x00007fff2bac8000 	C:\WINDOWS\SYSTEM32\IPHLPAPI.DLL
0x00007fff2e910000 - 0x00007fff2e918000 	C:\WINDOWS\System32\NSI.dll
0x00007fff25e80000 - 0x00007fff25e96000 	C:\WINDOWS\SYSTEM32\dhcpcsvc6.DLL
0x00007fff26010000 - 0x00007fff2602a000 	C:\WINDOWS\SYSTEM32\dhcpcsvc.DLL
0x000000006aeb0000 - 0x000000006aebd000 	C:\Program Files\Java\jdk1.8.0_131\jre\bin\management.dll
0x000000006c420000 - 0x000000006c444000 	C:\Program Files\Java\jdk1.8.0_131\jre\bin\sunec.dll
0x00007fff2bad0000 - 0x00007fff2bb71000 	C:\WINDOWS\SYSTEM32\DNSAPI.dll
0x00007fff1f840000 - 0x00007fff1f84a000 	C:\Windows\System32\rasadhlp.dll
0x00007fff23300000 - 0x00007fff2336a000 	C:\WINDOWS\System32\fwpuclnt.dll
0x000000006c410000 - 0x000000006c41b000 	C:\Program Files\Java\jdk1.8.0_131\jre\bin\sunmscapi.dll
0x00007fff2c7f0000 - 0x00007fff2c9b9000 	C:\WINDOWS\System32\CRYPT32.dll
0x00007fff2c710000 - 0x00007fff2c720000 	C:\WINDOWS\System32\MSASN1.dll

VM Arguments:
jvm_args: -XX:MaxPermSize=256m -XX:+HeapDumpOnOutOfMemoryError -Xmx1024m -Dfile.encoding=windows-1252 -Duser.country=US -Duser.language=en -Duser.variant 
java_command: org.gradle.launcher.daemon.bootstrap.GradleDaemon 3.5
java_class_path (initial): C:\gradle\3.5\lib\gradle-launcher-3.5.jar
Launcher Type: SUN_STANDARD

Environment Variables:
PATH=C:\Users\WeCanCodeIT\bin;C:\Program Files\Git\mingw64\bin;C:\Program Files\Git\usr\local\bin;C:\Program Files\Git\usr\bin;C:\Program Files\Git\usr\bin;C:\Program Files\Git\mingw64\bin;C:\Program Files\Git\usr\bin;C:\Users\WeCanCodeIT\bin;C:\ProgramData\Oracle\Java\javapath;C:\WINDOWS\system32;C:\WINDOWS;C:\WINDOWS\System32\Wbem;C:\Program Files\Sublime Text 3;C:\gradle\3.5\bin;C:\lazybones\0.8.3\bin;C:\Users\WeCanCodeIT\AppData\Local\Microsoft\WindowsApps;C:\Program Files\Git\usr\bin\vendor_perl;C:\Program Files\Git\usr\bin\core_perl
USERNAME=WeCanCodeIT
SHELL=C:\Program Files\Git\usr\bin\bash.exe
DISPLAY=needs-to-be-defined
OS=Windows_NT
PROCESSOR_IDENTIFIER=Intel64 Family 6 Model 58 Stepping 9, GenuineIntel



---------------  S Y S T E M  ---------------

OS: Windows 10.0 , 64 bit Build 14393 (10.0.14393.1198)

CPU:total 4 (initial active 4) (2 cores per cpu, 2 threads per core) family 6 model 58 stepping 9, cmov, cx8, fxsr, mmx, sse, sse2, sse3, ssse3, sse4.1, sse4.2, popcnt, avx, aes, clmul, erms, ht, tsc, tscinvbit, tscinv

Memory: 4k page, physical 8256648k(3982076k free), swap 33422472k(5744k free)

vm_info: Java HotSpot(TM) 64-Bit Server VM (25.131-b11) for windows-amd64 JRE (1.8.0_131-b11), built on Mar 15 2017 01:23:53 by "java_re" with MS VC++ 10.0 (VS2010)

time: Fri Oct 20 11:33:09 2017
elapsed time: 26 seconds (0d 0h 0m 26s)

